<?xml version="1.0" encoding="UTF-8"?>
<!-- Generated by org.testng.reporters.JUnitXMLReporter -->
<testsuite hostname="ShivasPC" ignored="0" name="Run Smoke Suite" tests="4" failures="0" timestamp="2022-06-22T13:14:53 IST" time="6.901" errors="0">
  <testcase name="@BeforeMethod openBrowser" time="5.354" classname="ecolab.connect.runner.smokesuite.SmokeSuiteRunner">
    <failure type="org.openqa.selenium.WebDriverException" message="Webdriver Instance is not found
Build info: version: &amp;apos;3.141.59&amp;apos;, revision: &amp;apos;e82be7d358&amp;apos;, time: &amp;apos;2018-11-14T08:17:03&amp;apos;
System info: host: &amp;apos;SHIVASPC&amp;apos;, ip: &amp;apos;192.168.1.17&amp;apos;, os.name: &amp;apos;Windows 10&amp;apos;, os.arch: &amp;apos;x86&amp;apos;, os.version: &amp;apos;10.0&amp;apos;, java.version: &amp;apos;1.8.0_311&amp;apos;
Driver info: driver.version: unknown">
      <![CDATA[org.openqa.selenium.WebDriverException: Webdriver Instance is not found
Build info: version: '3.141.59', revision: 'e82be7d358', time: '2018-11-14T08:17:03'
System info: host: 'SHIVASPC', ip: '192.168.1.17', os.name: 'Windows 10', os.arch: 'x86', os.version: '10.0', java.version: '1.8.0_311'
Driver info: driver.version: unknown
at ecolab.connect.base.DriverManager.getDriver(DriverManager.java:19)
at ecolab.connect.base.BrowserFactory.openBrowser(BrowserFactory.java:63)
at ecolab.connect.runner.smokesuite.SmokeSuiteRunner.openBrowser(SmokeSuiteRunner.java:35)
at java.util.concurrent.FutureTask.run(FutureTask.java:266)
at java.util.concurrent.Executors$RunnableAdapter.call(Executors.java:511)
at java.util.concurrent.FutureTask.run(FutureTask.java:266)
at java.util.concurrent.ThreadPoolExecutor.runWorker(ThreadPoolExecutor.java:1149)
at java.util.concurrent.ThreadPoolExecutor$Worker.run(ThreadPoolExecutor.java:624)
at java.lang.Thread.run(Thread.java:748)
... Removed 13 stack frames]]>
    </failure>
  </testcase> <!-- @BeforeMethod openBrowser -->
  <testcase name="@BeforeMethod openBrowser" time="5.354" classname="ecolab.connect.runner.smokesuite.SmokeSuiteRunner">
    <failure type="org.openqa.selenium.WebDriverException" message="Webdriver Instance is not found
Build info: version: &amp;apos;3.141.59&amp;apos;, revision: &amp;apos;e82be7d358&amp;apos;, time: &amp;apos;2018-11-14T08:17:03&amp;apos;
System info: host: &amp;apos;SHIVASPC&amp;apos;, ip: &amp;apos;192.168.1.17&amp;apos;, os.name: &amp;apos;Windows 10&amp;apos;, os.arch: &amp;apos;x86&amp;apos;, os.version: &amp;apos;10.0&amp;apos;, java.version: &amp;apos;1.8.0_311&amp;apos;
Driver info: driver.version: unknown">
      <![CDATA[org.openqa.selenium.WebDriverException: Webdriver Instance is not found
Build info: version: '3.141.59', revision: 'e82be7d358', time: '2018-11-14T08:17:03'
System info: host: 'SHIVASPC', ip: '192.168.1.17', os.name: 'Windows 10', os.arch: 'x86', os.version: '10.0', java.version: '1.8.0_311'
Driver info: driver.version: unknown
at ecolab.connect.base.DriverManager.getDriver(DriverManager.java:19)
at ecolab.connect.base.BrowserFactory.openBrowser(BrowserFactory.java:63)
at ecolab.connect.runner.smokesuite.SmokeSuiteRunner.openBrowser(SmokeSuiteRunner.java:35)
at java.util.concurrent.FutureTask.run(FutureTask.java:266)
at java.util.concurrent.Executors$RunnableAdapter.call(Executors.java:511)
at java.util.concurrent.FutureTask.run(FutureTask.java:266)
at java.util.concurrent.ThreadPoolExecutor.runWorker(ThreadPoolExecutor.java:1149)
at java.util.concurrent.ThreadPoolExecutor$Worker.run(ThreadPoolExecutor.java:624)
at java.lang.Thread.run(Thread.java:748)
... Removed 13 stack frames]]>
    </failure>
  </testcase> <!-- @BeforeMethod openBrowser -->
  <testcase name="@AfterMethod closeBrowser" time="-1.655883893598E9" classname="ecolab.connect.runner.smokesuite.SmokeSuiteRunner">
    <skipped/>
  </testcase> <!-- @AfterMethod closeBrowser -->
  <testcase name="@AfterMethod closeBrowser" time="-1.6558838936E9" classname="ecolab.connect.runner.smokesuite.SmokeSuiteRunner">
    <skipped/>
  </testcase> <!-- @AfterMethod closeBrowser -->
  <testcase name="@BeforeMethod openBrowser" time="-1.6558838936E9" classname="ecolab.connect.runner.smokesuite.SmokeSuiteRunner">
    <skipped/>
  </testcase> <!-- @BeforeMethod openBrowser -->
  <testcase name="@AfterMethod closeBrowser" time="-1.655883893604E9" classname="ecolab.connect.runner.smokesuite.SmokeSuiteRunner">
    <skipped/>
  </testcase> <!-- @AfterMethod closeBrowser -->
  <testcase name="@BeforeMethod openBrowser" time="5.424" classname="ecolab.connect.runner.smokesuite.SmokeSuiteRunner">
    <failure type="org.openqa.selenium.WebDriverException" message="Webdriver Instance is not found
Build info: version: &amp;apos;3.141.59&amp;apos;, revision: &amp;apos;e82be7d358&amp;apos;, time: &amp;apos;2018-11-14T08:17:03&amp;apos;
System info: host: &amp;apos;SHIVASPC&amp;apos;, ip: &amp;apos;192.168.1.17&amp;apos;, os.name: &amp;apos;Windows 10&amp;apos;, os.arch: &amp;apos;x86&amp;apos;, os.version: &amp;apos;10.0&amp;apos;, java.version: &amp;apos;1.8.0_311&amp;apos;
Driver info: driver.version: unknown">
      <![CDATA[org.openqa.selenium.WebDriverException: Webdriver Instance is not found
Build info: version: '3.141.59', revision: 'e82be7d358', time: '2018-11-14T08:17:03'
System info: host: 'SHIVASPC', ip: '192.168.1.17', os.name: 'Windows 10', os.arch: 'x86', os.version: '10.0', java.version: '1.8.0_311'
Driver info: driver.version: unknown
at ecolab.connect.base.DriverManager.getDriver(DriverManager.java:19)
at ecolab.connect.base.BrowserFactory.openBrowser(BrowserFactory.java:63)
at ecolab.connect.runner.smokesuite.SmokeSuiteRunner.openBrowser(SmokeSuiteRunner.java:35)
at java.util.concurrent.FutureTask.run(FutureTask.java:266)
at java.util.concurrent.Executors$RunnableAdapter.call(Executors.java:511)
at java.util.concurrent.FutureTask.run(FutureTask.java:266)
at java.util.concurrent.ThreadPoolExecutor.runWorker(ThreadPoolExecutor.java:1149)
at java.util.concurrent.ThreadPoolExecutor$Worker.run(ThreadPoolExecutor.java:624)
at java.lang.Thread.run(Thread.java:748)
... Removed 13 stack frames]]>
    </failure>
  </testcase> <!-- @BeforeMethod openBrowser -->
  <testcase name="@AfterMethod closeBrowser" time="-1.65588389366E9" classname="ecolab.connect.runner.smokesuite.SmokeSuiteRunner">
    <skipped/>
  </testcase> <!-- @AfterMethod closeBrowser -->
  <testcase name="@AfterClass afterClass" time="-1.655883893662E9" classname="ecolab.connect.runner.smokesuite.SmokeSuiteRunner">
    <skipped/>
  </testcase> <!-- @AfterClass afterClass -->
  <testcase name="runScenario" time="0.0" classname="ecolab.connect.runner.smokesuite.SmokeSuiteRunner">
    <skipped/>
  </testcase> <!-- runScenario -->
  <testcase name="runScenario" time="0.0" classname="ecolab.connect.runner.smokesuite.SmokeSuiteRunner">
    <skipped/>
  </testcase> <!-- runScenario -->
  <testcase name="runScenario" time="0.0" classname="ecolab.connect.runner.smokesuite.SmokeSuiteRunner">
    <skipped/>
  </testcase> <!-- runScenario -->
  <testcase name="runScenario" time="0.0" classname="ecolab.connect.runner.smokesuite.SmokeSuiteRunner">
    <skipped/>
  </testcase> <!-- runScenario -->
</testsuite> <!-- Run Smoke Suite -->
